<dependency>
  <groupId>org.junit.platform</groupId>
  <artifactId>junit-platform-suite-api</artifactId>
  <version>1.10.2</version>
  <scope>test</scope>
</dependency>
